<?xml version="1.0" encoding="UTF-8"?>
<!-- Generated by org.testng.reporters.JUnitXMLReporter -->
<testsuite hostname="EPRURYAW0062" name="Default test" tests="5" failures="0" timestamp="10 Dec 2015 07:46:31 GMT" time="12.378" errors="0">
  <testcase name="login" time="4.139" classname="com.epam.seleniumTask.tests.MailTest"/>
  <testcase name="checkDrafts" time="0.987" classname="com.epam.seleniumTask.tests.MailTest"/>
  <testcase name="writeMail" time="2.228" classname="com.epam.seleniumTask.tests.MailTest"/>
  <testcase name="sendMail" time="0.606" classname="com.epam.seleniumTask.tests.MailTest"/>
  <testcase name="exitTest" time="1.443" classname="com.epam.seleniumTask.tests.MailTest"/>
</testsuite> <!-- Default test -->
