<?xml version="1.0" encoding="UTF-8" ?>
<testsuite tests="10" failures="0" name="TestSuite" time="0.066" errors="0" skipped="1">
  <properties>
[...]
</properties>
  <testcase classname="tests.TestTaskFactory$isQuadTests" name="isQuadPositive" time="0.033"/>
  <testcase classname="tests.TestTask" name="isSquarePosititve" time="0.033">
    <skipped/>
  </testcase>
  <testcase classname="tests.TestTask" name="testInit" time="0"/>
  <testcase classname="tests.TestTask" name="isSquareNegatitve" time="0"/>
  <testcase classname="tests.TestTask" name="circleFerence" time="0"/>
  <testcase classname="tests.TestTask" name="circleSquare" time="0"/>
  <testcase classname="tests.TestTask" name="quadFerence" time="0"/>
  <testcase classname="tests.TestTask" name="quadSquare" time="0"/>
  <testcase classname="tests.TestTask" name="recFerence" time="0"/>
  <testcase classname="tests.TestTask" name="recSquare" time="0"/>
</testsuite>