<?xml version="1.0" encoding="UTF-8"?>
<!-- Generated by org.testng.reporters.JUnitXMLReporter -->
<testsuite hostname="EPRURYAW0062" name="simpletest" tests="9" failures="0" timestamp="27 Nov 2015 10:52:22 GMT" time="0.042" errors="0">
  <testcase name="isSquarePosititve" time="0.009" classname="tests.Task"/>
  <testcase name="testInit" time="0.002" classname="tests.Task"/>
  <testcase name="isSquareNegatitve" time="0.0" classname="tests.Task"/>
  <testcase name="circleFerence" time="0.003" classname="tests.Task"/>
  <testcase name="circleSquare" time="0.0" classname="tests.Task"/>
  <testcase name="quadFerence" time="0.0" classname="tests.Task"/>
  <testcase name="quadSquare" time="0.0" classname="tests.Task"/>
  <testcase name="recFerence" time="0.0" classname="tests.Task"/>
  <testcase name="recSquare" time="0.0" classname="tests.Task"/>
</testsuite> <!-- simpletest -->
