<?xml version="1.0" encoding="UTF-8"?>
<!-- Generated by org.testng.reporters.JUnitXMLReporter -->
<testsuite hostname="EPRURYAW0062" name="Default test" tests="9" failures="0" timestamp="24 Nov 2015 09:47:41 GMT" time="0.032" errors="0">
  <testcase name="isSquarePosititve" time="0.0" classname="tests.Task">
    <skipped/>
  </testcase> <!-- isSquarePosititve -->
  <testcase name="testInit" time="0.004" classname="tests.Task"/>
  <testcase name="isSquareNegatitve" time="0.001" classname="tests.Task"/>
  <testcase name="circleFerence" time="0.002" classname="tests.Task"/>
  <testcase name="circleSquare" time="0.0" classname="tests.Task"/>
  <testcase name="quadFerence" time="0.0" classname="tests.Task"/>
  <testcase name="quadSquare" time="0.0" classname="tests.Task"/>
  <testcase name="recFerence" time="0.0" classname="tests.Task"/>
  <testcase name="recSquare" time="0.0" classname="tests.Task"/>
</testsuite> <!-- Default test -->
