<?xml version="1.0" encoding="UTF-8"?>
<testng-results skipped="0" failed="2" total="2" passed="0">
  <reporter-output>
  </reporter-output>
  <suite name="Default suite" duration-ms="2381" started-at="2016-01-11T08:50:56Z" finished-at="2016-01-11T08:50:59Z">
    <groups>
    </groups>
    <test name="Default test" duration-ms="2381" started-at="2016-01-11T08:50:56Z" finished-at="2016-01-11T08:50:59Z">
      <class name="com.epam.seleniumTask.tests.concrete.TaskTestSuite">
        <test-method status="PASS" signature="runBrovser()[pri:0, instance:com.epam.seleniumTask.tests.concrete.TaskTestSuite@49e4cb85]" name="runBrovser" is-config="true" duration-ms="2163" started-at="2016-01-11T11:50:56Z" finished-at="2016-01-11T11:50:58Z">
          <reporter-output>
          </reporter-output>
        </test-method> <!-- runBrovser -->
        <test-method status="FAIL" signature="runSuite(com.epam.seleniumTask.tests.DataLoader)[pri:0, instance:com.epam.seleniumTask.tests.concrete.TaskTestSuite@49e4cb85]" name="runSuite" duration-ms="40" started-at="2016-01-11T11:50:58Z" data-provider="testData" finished-at="2016-01-11T11:50:58Z">
          <params>
            <param index="0">
              <value>
                <![CDATA[com.epam.seleniumTask.tests.DataLoader@3cd3e762]]>
              </value>
            </param>
          </params>
          <exception class="java.lang.NullPointerException">
            <full-stacktrace>
              <![CDATA[java.lang.NullPointerException
	at com.epam.seleniumTask.tests.concrete.TaskTestSuite.runSuite(TaskTestSuite.java:45)
	at sun.reflect.NativeMethodAccessorImpl.invoke0(Native Method)
	at sun.reflect.NativeMethodAccessorImpl.invoke(NativeMethodAccessorImpl.java:62)
	at sun.reflect.DelegatingMethodAccessorImpl.invoke(DelegatingMethodAccessorImpl.java:43)
	at java.lang.reflect.Method.invoke(Method.java:497)
	at org.testng.internal.MethodInvocationHelper.invokeMethod(MethodInvocationHelper.java:85)
	at org.testng.internal.Invoker.invokeMethod(Invoker.java:639)
	at org.testng.internal.Invoker.invokeTestMethod(Invoker.java:816)
	at org.testng.internal.Invoker.invokeTestMethods(Invoker.java:1124)
	at org.testng.internal.TestMethodWorker.invokeTestMethods(TestMethodWorker.java:125)
	at org.testng.internal.TestMethodWorker.run(TestMethodWorker.java:108)
	at org.testng.TestRunner.privateRun(TestRunner.java:774)
	at org.testng.TestRunner.run(TestRunner.java:624)
	at org.testng.SuiteRunner.runTest(SuiteRunner.java:359)
	at org.testng.SuiteRunner.runSequentially(SuiteRunner.java:354)
	at org.testng.SuiteRunner.privateRun(SuiteRunner.java:312)
	at org.testng.SuiteRunner.run(SuiteRunner.java:261)
	at org.testng.SuiteRunnerWorker.runSuite(SuiteRunnerWorker.java:52)
	at org.testng.SuiteRunnerWorker.run(SuiteRunnerWorker.java:86)
	at org.testng.TestNG.runSuitesSequentially(TestNG.java:1215)
	at org.testng.TestNG.runSuitesLocally(TestNG.java:1140)
	at org.testng.TestNG.run(TestNG.java:1048)
	at org.testng.remote.RemoteTestNG.run(RemoteTestNG.java:112)
	at org.testng.remote.RemoteTestNG.initAndRun(RemoteTestNG.java:205)
	at org.testng.remote.RemoteTestNG.main(RemoteTestNG.java:176)
]]>
            </full-stacktrace>
          </exception> <!-- java.lang.NullPointerException -->
          <reporter-output>
          </reporter-output>
        </test-method> <!-- runSuite -->
        <test-method status="FAIL" signature="runSuite(com.epam.seleniumTask.tests.DataLoader)[pri:0, instance:com.epam.seleniumTask.tests.concrete.TaskTestSuite@49e4cb85]" name="runSuite" duration-ms="19" started-at="2016-01-11T11:50:58Z" data-provider="testData" finished-at="2016-01-11T11:50:58Z">
          <params>
            <param index="0">
              <value>
                <![CDATA[com.epam.seleniumTask.tests.DataLoader@5b94b04d]]>
              </value>
            </param>
          </params>
          <exception class="java.lang.NullPointerException">
            <full-stacktrace>
              <![CDATA[java.lang.NullPointerException
	at com.epam.seleniumTask.tests.concrete.TaskTestSuite.runSuite(TaskTestSuite.java:45)
	at sun.reflect.NativeMethodAccessorImpl.invoke0(Native Method)
	at sun.reflect.NativeMethodAccessorImpl.invoke(NativeMethodAccessorImpl.java:62)
	at sun.reflect.DelegatingMethodAccessorImpl.invoke(DelegatingMethodAccessorImpl.java:43)
	at java.lang.reflect.Method.invoke(Method.java:497)
	at org.testng.internal.MethodInvocationHelper.invokeMethod(MethodInvocationHelper.java:85)
	at org.testng.internal.Invoker.invokeMethod(Invoker.java:639)
	at org.testng.internal.Invoker.invokeTestMethod(Invoker.java:816)
	at org.testng.internal.Invoker.invokeTestMethods(Invoker.java:1124)
	at org.testng.internal.TestMethodWorker.invokeTestMethods(TestMethodWorker.java:125)
	at org.testng.internal.TestMethodWorker.run(TestMethodWorker.java:108)
	at org.testng.TestRunner.privateRun(TestRunner.java:774)
	at org.testng.TestRunner.run(TestRunner.java:624)
	at org.testng.SuiteRunner.runTest(SuiteRunner.java:359)
	at org.testng.SuiteRunner.runSequentially(SuiteRunner.java:354)
	at org.testng.SuiteRunner.privateRun(SuiteRunner.java:312)
	at org.testng.SuiteRunner.run(SuiteRunner.java:261)
	at org.testng.SuiteRunnerWorker.runSuite(SuiteRunnerWorker.java:52)
	at org.testng.SuiteRunnerWorker.run(SuiteRunnerWorker.java:86)
	at org.testng.TestNG.runSuitesSequentially(TestNG.java:1215)
	at org.testng.TestNG.runSuitesLocally(TestNG.java:1140)
	at org.testng.TestNG.run(TestNG.java:1048)
	at org.testng.remote.RemoteTestNG.run(RemoteTestNG.java:112)
	at org.testng.remote.RemoteTestNG.initAndRun(RemoteTestNG.java:205)
	at org.testng.remote.RemoteTestNG.main(RemoteTestNG.java:176)
]]>
            </full-stacktrace>
          </exception> <!-- java.lang.NullPointerException -->
          <reporter-output>
          </reporter-output>
        </test-method> <!-- runSuite -->
        <test-method status="PASS" signature="endWork()[pri:0, instance:com.epam.seleniumTask.tests.concrete.TaskTestSuite@49e4cb85]" name="endWork" is-config="true" duration-ms="146" started-at="2016-01-11T11:50:58Z" finished-at="2016-01-11T11:50:59Z">
          <reporter-output>
          </reporter-output>
        </test-method> <!-- endWork -->
      </class> <!-- com.epam.seleniumTask.tests.concrete.TaskTestSuite -->
    </test> <!-- Default test -->
  </suite> <!-- Default suite -->
</testng-results>
