<?xml version="1.0" encoding="UTF-8"?>
<!-- Generated by org.testng.reporters.JUnitXMLReporter -->
<testsuite hostname="EPRURYAW0062" name="Command line test" tests="10" failures="0" timestamp="1 Dec 2015 12:51:07 GMT" time="0.022" errors="0">
  <testcase name="isQuadPositive" time="0.007" classname="tests.TestTaskFactory$isQuadTests"/>
  <testcase name="isSquarePosititve" time="0.0" classname="tests.TestTask">
    <skipped/>
  </testcase> <!-- isSquarePosititve -->
  <testcase name="testInit" time="0.0" classname="tests.TestTask"/>
  <testcase name="isSquareNegatitve" time="0.0" classname="tests.TestTask"/>
  <testcase name="circleFerence" time="0.003" classname="tests.TestTask"/>
  <testcase name="circleSquare" time="0.0" classname="tests.TestTask"/>
  <testcase name="quadFerence" time="0.0" classname="tests.TestTask"/>
  <testcase name="quadSquare" time="0.0" classname="tests.TestTask"/>
  <testcase name="recFerence" time="0.0" classname="tests.TestTask"/>
  <testcase name="recSquare" time="0.0" classname="tests.TestTask"/>
</testsuite> <!-- Command line test -->
