<?xml version="1.0" encoding="UTF-8"?>
<!-- Generated by org.testng.reporters.JUnitXMLReporter -->
<testsuite hostname="EPRURYAW0062" name="SampleTestOne" tests="9" failures="1" timestamp="23 Nov 2015 12:08:39 GMT" time="68.838" errors="0">
  <testcase name="recFerence" time="0.0" classname="tests.BasicTests">
    <skipped/>
  </testcase> <!-- recFerence -->
  <testcase name="recIsSquareNegative" time="0.0" classname="tests.BasicTests">
    <failure type="java.lang.NullPointerException">
      <![CDATA[java.lang.NullPointerException
	at tests.BasicTests.recIsSquareNegative(BasicTests.java:87)
	at tests.BasicTests.circleConstructor(BasicTests.java:34)
... Removed 44 stack frames]]>
    </failure>
  </testcase> <!-- recIsSquareNegative -->
  <testcase name="recSquare" time="0.0" classname="tests.BasicTests">
    <skipped/>
  </testcase> <!-- recSquare -->
  <testcase name="quadSquare" time="0.0" classname="tests.BasicTests">
    <skipped/>
  </testcase> <!-- quadSquare -->
  <testcase name="circleFerence" time="0.0" classname="tests.BasicTests">
    <skipped/>
  </testcase> <!-- circleFerence -->
  <testcase name="testInit" time="0.0" classname="tests.BasicTests">
    <skipped/>
  </testcase> <!-- testInit -->
  <testcase name="quadFerence" time="0.0" classname="tests.BasicTests">
    <skipped/>
  </testcase> <!-- quadFerence -->
  <testcase name="circleSquare" time="0.0" classname="tests.BasicTests">
    <skipped/>
  </testcase> <!-- circleSquare -->
  <testcase name="recIsSquarePositive" time="0.0" classname="tests.BasicTests">
    <skipped/>
  </testcase> <!-- recIsSquarePositive -->
</testsuite> <!-- SampleTestOne -->
